<?xml version='1.0' encoding='UTF-8' ?>
<testsuite name="com.iden3.iden3coreapi.GomobileIntegrationTest" tests="1" failures="0" errors="0" skipped="0" time="64.801" timestamp="2020-04-07T16:49:24" hostname="localhost">
  <properties>
    <property name="device" value="MI 8 - 9" />
    <property name="flavor" value="" />
    <property name="project" value="iden3coreapi" />
  </properties>
  <testcase name="fullFlow" classname="com.iden3.iden3coreapi.GomobileIntegrationTest" time="64.793" />
</testsuite>